Vivado Simulator 2018.2
Copyright 1986-1999, 2001-2018 Xilinx, Inc. All Rights Reserved.
Running: F:/Xilinx/Vivado/2018.2/bin/unwrapped/win64.o/xelab.exe -wto 9798746011bb40e5a1a81e94320f7bfb --incr --debug typical --relax --mt 2 -L xil_defaultlib -L unisims_ver -L unimacro_ver -L secureip --snapshot tb1_sub_behav xil_defaultlib.tb1_sub xil_defaultlib.glbl -log elaborate.log 
Using 2 slave threads.
Starting static elaboration
Completed static elaboration
Starting simulation data flow analysis
Completed simulation data flow analysis
Time Resolution for simulation is 1ps
Compiling module xil_defaultlib.unrolled_sub(fixed_scale=4,atan2...
Compiling module xil_defaultlib.unrolled_sub(fixed_scale=4,atan2...
Compiling module xil_defaultlib.unrolled_sub(fixed_scale=4,atan2...
Compiling module xil_defaultlib.unrolled_sub(fixed_scale=4,atan2...
Compiling module xil_defaultlib.cordic_top_default
Compiling module xil_defaultlib.tb1_sub
WARNING: [XSIM 43-3373] "E:/VLSI/HW2/Simulation/tb1_sub.v" Line 68. System function $fscanf is used as system task. This system function should have a LHS e.g. x=$fscanf().
WARNING: [XSIM 43-3373] "E:/VLSI/HW2/Simulation/tb1_sub.v" Line 69. System function $fscanf is used as system task. This system function should have a LHS e.g. x=$fscanf().
WARNING: [XSIM 43-3373] "E:/VLSI/HW2/Simulation/tb1_sub.v" Line 77. System function $fscanf is used as system task. This system function should have a LHS e.g. x=$fscanf().
WARNING: [XSIM 43-3373] "E:/VLSI/HW2/Simulation/tb1_sub.v" Line 78. System function $fscanf is used as system task. This system function should have a LHS e.g. x=$fscanf().
Compiling module xil_defaultlib.glbl
Built simulation snapshot tb1_sub_behav
